<html>
<head>
<title>TestNG:  Regression suite 1</title>
<link href="../testng.css" rel="stylesheet" type="text/css" />
<link href="../my-testng.css" rel="stylesheet" type="text/css" />

<style type="text/css">
.log { display: none;} 
.stack-trace { display: none;} 
</style>
<script type="text/javascript">
<!--
function flip(e) {
  current = e.style.display;
  if (current == 'block') {
    e.style.display = 'none';
    return 0;
  }
  else {
    e.style.display = 'block';
    return 1;
  }
}

function toggleBox(szDivId, elem, msg1, msg2)
{
  var res = -1;  if (document.getElementById) {
    res = flip(document.getElementById(szDivId));
  }
  else if (document.all) {
    // this is the way old msie versions work
    res = flip(document.all[szDivId]);
  }
  if(elem) {
    if(res == 0) elem.innerHTML = msg1; else elem.innerHTML = msg2;
  }

}

function toggleAllBoxes() {
  if (document.getElementsByTagName) {
    d = document.getElementsByTagName('div');
    for (i = 0; i < d.length; i++) {
      if (d[i].className == 'log') {
        flip(d[i]);
      }
    }
  }
}

// -->
</script>

</head>
<body>
<h2 align='center'>Regression suite 1</h2><table border='1' align="center">
<tr>
<td>Tests passed/Failed/Skipped:</td><td>20/3/2</td>
</tr><tr>
<td>Started on:</td><td>Fri Mar 08 07:19:57 IST 2024</td>
</tr>
<tr><td>Total time:</td><td>0 seconds (268 ms)</td>
</tr><tr>
<td>Included groups:</td><td></td>
</tr><tr>
<td>Excluded groups:</td><td></td>
</tr>
</table><p/>
<small><i>(Hover the method name to see the test class name)</i></small><p/>
<table width='100%' border='1' class='invocation-failed'>
<tr><td colspan='4' align='center'><b>FAILED TESTS</b></td></tr>
<tr><td><b>Test method</b></td>
<td width="30%"><b>Exception</b></td>
<td width="10%"><b>Time (seconds)</b></td>
<td><b>Instance</b></td>
</tr>
<tr>
<td title='TestngFramewokDemo.TestngDemo5.funB()'><b>funB</b><br>Test class: TestngFramewokDemo.TestngDemo5</td>
<td><div><pre>java.lang.ArithmeticException: / by zero
	at TestngFramewokDemo.TestngDemo5.funB(TestngDemo5.java:16)
... Removed 24 stack frames</pre></div><a href='#' onClick='toggleBox("stack-trace967765295", this, "Click to show all stack frames", "Click to hide stack frames")'>Click to show all stack frames</a>
<div class='stack-trace' id='stack-trace967765295'><pre>java.lang.ArithmeticException: / by zero
	at TestngFramewokDemo.TestngDemo5.funB(TestngDemo5.java:16)
	at sun.reflect.NativeMethodAccessorImpl.invoke0(Native Method)
	at sun.reflect.NativeMethodAccessorImpl.invoke(Unknown Source)
	at sun.reflect.DelegatingMethodAccessorImpl.invoke(Unknown Source)
	at java.lang.reflect.Method.invoke(Unknown Source)
	at org.testng.internal.MethodInvocationHelper.invokeMethod(MethodInvocationHelper.java:85)
	at org.testng.internal.Invoker.invokeMethod(Invoker.java:663)
	at org.testng.internal.Invoker.invokeTestMethod(Invoker.java:849)
	at org.testng.internal.Invoker.invokeTestMethods(Invoker.java:1157)
	at org.testng.internal.TestMethodWorker.invokeTestMethods(TestMethodWorker.java:124)
	at org.testng.internal.TestMethodWorker.run(TestMethodWorker.java:108)
	at org.testng.TestRunner.privateRun(TestRunner.java:771)
	at org.testng.TestRunner.run(TestRunner.java:621)
	at org.testng.SuiteRunner.runTest(SuiteRunner.java:357)
	at org.testng.SuiteRunner.runSequentially(SuiteRunner.java:352)
	at org.testng.SuiteRunner.privateRun(SuiteRunner.java:310)
	at org.testng.SuiteRunner.run(SuiteRunner.java:259)
	at org.testng.SuiteRunnerWorker.runSuite(SuiteRunnerWorker.java:52)
	at org.testng.SuiteRunnerWorker.run(SuiteRunnerWorker.java:86)
	at org.testng.TestNG.runSuitesSequentially(TestNG.java:1200)
	at org.testng.TestNG.runSuitesLocally(TestNG.java:1125)
	at org.testng.TestNG.run(TestNG.java:1033)
	at org.testng.remote.RemoteTestNG.run(RemoteTestNG.java:111)
	at org.testng.remote.RemoteTestNG.initAndRun(RemoteTestNG.java:204)
	at org.testng.remote.RemoteTestNG.main(RemoteTestNG.java:175)
</pre></div></td>
<td>0</td>
<td>TestngFramewokDemo.TestngDemo5@2aafb23c</td></tr>
<tr>
<td title='TestngFramewokDemo.TestngDemo4B.loginTest()'><b>loginTest</b><br>Test class: TestngFramewokDemo.TestngDemo4B</td>
<td><div><pre>java.lang.ArithmeticException: / by zero
	at TestngFramewokDemo.TestngDemo4B.loginTest(TestngDemo4B.java:11)
... Removed 24 stack frames</pre></div><a href='#' onClick='toggleBox("stack-trace1566502717", this, "Click to show all stack frames", "Click to hide stack frames")'>Click to show all stack frames</a>
<div class='stack-trace' id='stack-trace1566502717'><pre>java.lang.ArithmeticException: / by zero
	at TestngFramewokDemo.TestngDemo4B.loginTest(TestngDemo4B.java:11)
	at sun.reflect.NativeMethodAccessorImpl.invoke0(Native Method)
	at sun.reflect.NativeMethodAccessorImpl.invoke(Unknown Source)
	at sun.reflect.DelegatingMethodAccessorImpl.invoke(Unknown Source)
	at java.lang.reflect.Method.invoke(Unknown Source)
	at org.testng.internal.MethodInvocationHelper.invokeMethod(MethodInvocationHelper.java:85)
	at org.testng.internal.Invoker.invokeMethod(Invoker.java:663)
	at org.testng.internal.Invoker.invokeTestMethod(Invoker.java:849)
	at org.testng.internal.Invoker.invokeTestMethods(Invoker.java:1157)
	at org.testng.internal.TestMethodWorker.invokeTestMethods(TestMethodWorker.java:124)
	at org.testng.internal.TestMethodWorker.run(TestMethodWorker.java:108)
	at org.testng.TestRunner.privateRun(TestRunner.java:771)
	at org.testng.TestRunner.run(TestRunner.java:621)
	at org.testng.SuiteRunner.runTest(SuiteRunner.java:357)
	at org.testng.SuiteRunner.runSequentially(SuiteRunner.java:352)
	at org.testng.SuiteRunner.privateRun(SuiteRunner.java:310)
	at org.testng.SuiteRunner.run(SuiteRunner.java:259)
	at org.testng.SuiteRunnerWorker.runSuite(SuiteRunnerWorker.java:52)
	at org.testng.SuiteRunnerWorker.run(SuiteRunnerWorker.java:86)
	at org.testng.TestNG.runSuitesSequentially(TestNG.java:1200)
	at org.testng.TestNG.runSuitesLocally(TestNG.java:1125)
	at org.testng.TestNG.run(TestNG.java:1033)
	at org.testng.remote.RemoteTestNG.run(RemoteTestNG.java:111)
	at org.testng.remote.RemoteTestNG.initAndRun(RemoteTestNG.java:204)
	at org.testng.remote.RemoteTestNG.main(RemoteTestNG.java:175)
</pre></div></td>
<td>0</td>
<td>TestngFramewokDemo.TestngDemo4B@6fffcba5</td></tr>
<tr>
<td title='TestngFramewokDemo.TestngDemo4C.loginTest()'><b>loginTest</b><br>Test class: TestngFramewokDemo.TestngDemo4C</td>
<td><div><pre>java.lang.ArithmeticException: / by zero
	at TestngFramewokDemo.TestngDemo4C.loginTest(TestngDemo4C.java:11)
... Removed 24 stack frames</pre></div><a href='#' onClick='toggleBox("stack-trace1483022288", this, "Click to show all stack frames", "Click to hide stack frames")'>Click to show all stack frames</a>
<div class='stack-trace' id='stack-trace1483022288'><pre>java.lang.ArithmeticException: / by zero
	at TestngFramewokDemo.TestngDemo4C.loginTest(TestngDemo4C.java:11)
	at sun.reflect.NativeMethodAccessorImpl.invoke0(Native Method)
	at sun.reflect.NativeMethodAccessorImpl.invoke(Unknown Source)
	at sun.reflect.DelegatingMethodAccessorImpl.invoke(Unknown Source)
	at java.lang.reflect.Method.invoke(Unknown Source)
	at org.testng.internal.MethodInvocationHelper.invokeMethod(MethodInvocationHelper.java:85)
	at org.testng.internal.Invoker.invokeMethod(Invoker.java:663)
	at org.testng.internal.Invoker.invokeTestMethod(Invoker.java:849)
	at org.testng.internal.Invoker.invokeTestMethods(Invoker.java:1157)
	at org.testng.internal.TestMethodWorker.invokeTestMethods(TestMethodWorker.java:124)
	at org.testng.internal.TestMethodWorker.run(TestMethodWorker.java:108)
	at org.testng.TestRunner.privateRun(TestRunner.java:771)
	at org.testng.TestRunner.run(TestRunner.java:621)
	at org.testng.SuiteRunner.runTest(SuiteRunner.java:357)
	at org.testng.SuiteRunner.runSequentially(SuiteRunner.java:352)
	at org.testng.SuiteRunner.privateRun(SuiteRunner.java:310)
	at org.testng.SuiteRunner.run(SuiteRunner.java:259)
	at org.testng.SuiteRunnerWorker.runSuite(SuiteRunnerWorker.java:52)
	at org.testng.SuiteRunnerWorker.run(SuiteRunnerWorker.java:86)
	at org.testng.TestNG.runSuitesSequentially(TestNG.java:1200)
	at org.testng.TestNG.runSuitesLocally(TestNG.java:1125)
	at org.testng.TestNG.run(TestNG.java:1033)
	at org.testng.remote.RemoteTestNG.run(RemoteTestNG.java:111)
	at org.testng.remote.RemoteTestNG.initAndRun(RemoteTestNG.java:204)
	at org.testng.remote.RemoteTestNG.main(RemoteTestNG.java:175)
</pre></div></td>
<td>0</td>
<td>TestngFramewokDemo.TestngDemo4C@34340fab</td></tr>
</table><p>
<table width='100%' border='1' class='invocation-passed'>
<tr><td colspan='4' align='center'><b>PASSED TESTS</b></td></tr>
<tr><td><b>Test method</b></td>
<td width="30%"><b>Exception</b></td>
<td width="10%"><b>Time (seconds)</b></td>
<td><b>Instance</b></td>
</tr>
<tr>
<td title='TestngFramewokDemo.TestngDemo4.CustomerDetails()'><b>CustomerDetails</b><br>Test class: TestngFramewokDemo.TestngDemo4</td>
<td></td>
<td>0</td>
<td>TestngFramewokDemo.TestngDemo4@3834d63f</td></tr>
<tr>
<td title='TestngFramewokDemo.TestngDemo4A.CustomerDetails()'><b>CustomerDetails</b><br>Test class: TestngFramewokDemo.TestngDemo4A</td>
<td></td>
<td>0</td>
<td>TestngFramewokDemo.TestngDemo4A@1ae369b7</td></tr>
<tr>
<td title='TestngFramewokDemo.TestngDemo4B.CustomerDetails()'><b>CustomerDetails</b><br>Test class: TestngFramewokDemo.TestngDemo4B</td>
<td></td>
<td>0</td>
<td>TestngFramewokDemo.TestngDemo4B@6fffcba5</td></tr>
<tr>
<td title='TestngFramewokDemo.TestngXmlDemo1.f()'><b>f</b><br>Test class: TestngFramewokDemo.TestngXmlDemo1</td>
<td></td>
<td>0</td>
<td>TestngFramewokDemo.TestngXmlDemo1@3ab39c39</td></tr>
<tr>
<td title='TestngFramewokDemo.TestngDemo1.funA()'><b>funA</b><br>Test class: TestngFramewokDemo.TestngDemo1</td>
<td></td>
<td>0</td>
<td>TestngFramewokDemo.TestngDemo1@61a52fbd</td></tr>
<tr>
<td title='TestngFramewokDemo.TestngDemo2.funA()'><b>funA</b><br>Test class: TestngFramewokDemo.TestngDemo2</td>
<td></td>
<td>0</td>
<td>TestngFramewokDemo.TestngDemo2@3aa9e816</td></tr>
<tr>
<td title='TestngFramewokDemo.TestngDemo3.funA()'><b>funA</b><br>Test class: TestngFramewokDemo.TestngDemo3</td>
<td></td>
<td>0</td>
<td>TestngFramewokDemo.TestngDemo3@17d99928</td></tr>
<tr>
<td title='TestngFramewokDemo.TestngDemo5.funA()'><b>funA</b><br>Test class: TestngFramewokDemo.TestngDemo5</td>
<td></td>
<td>0</td>
<td>TestngFramewokDemo.TestngDemo5@2aafb23c</td></tr>
<tr>
<td title='TestngFramewokDemo.TestngGroupDemo1.funA()'><b>funA</b><br>Test class: TestngFramewokDemo.TestngGroupDemo1</td>
<td></td>
<td>0</td>
<td>TestngFramewokDemo.TestngGroupDemo1@2b80d80f</td></tr>
<tr>
<td title='TestngFramewokDemo.TestngDemo2.funB()'><b>funB</b><br>Test class: TestngFramewokDemo.TestngDemo2</td>
<td></td>
<td>0</td>
<td>TestngFramewokDemo.TestngDemo2@3aa9e816</td></tr>
<tr>
<td title='TestngFramewokDemo.TestngDemo3.funB()'><b>funB</b><br>Test class: TestngFramewokDemo.TestngDemo3</td>
<td></td>
<td>0</td>
<td>TestngFramewokDemo.TestngDemo3@17d99928</td></tr>
<tr>
<td title='TestngFramewokDemo.TestngGroupDemo1.funB()'><b>funB</b><br>Test class: TestngFramewokDemo.TestngGroupDemo1</td>
<td></td>
<td>0</td>
<td>TestngFramewokDemo.TestngGroupDemo1@2b80d80f</td></tr>
<tr>
<td title='TestngFramewokDemo.TestngDemo2.funC()'><b>funC</b><br>Test class: TestngFramewokDemo.TestngDemo2</td>
<td></td>
<td>0</td>
<td>TestngFramewokDemo.TestngDemo2@3aa9e816</td></tr>
<tr>
<td title='TestngFramewokDemo.TestngDemo3.funC()'><b>funC</b><br>Test class: TestngFramewokDemo.TestngDemo3</td>
<td></td>
<td>0</td>
<td>TestngFramewokDemo.TestngDemo3@17d99928</td></tr>
<tr>
<td title='TestngFramewokDemo.TestngGroupDemo1.funC()'><b>funC</b><br>Test class: TestngFramewokDemo.TestngGroupDemo1</td>
<td></td>
<td>0</td>
<td>TestngFramewokDemo.TestngGroupDemo1@2b80d80f</td></tr>
<tr>
<td title='TestngFramewokDemo.TestngDemo2.funD()'><b>funD</b><br>Test class: TestngFramewokDemo.TestngDemo2</td>
<td></td>
<td>0</td>
<td>TestngFramewokDemo.TestngDemo2@3aa9e816</td></tr>
<tr>
<td title='TestngFramewokDemo.TestngDemo3.funD()'><b>funD</b><br>Test class: TestngFramewokDemo.TestngDemo3</td>
<td></td>
<td>0</td>
<td>TestngFramewokDemo.TestngDemo3@17d99928</td></tr>
<tr>
<td title='TestngFramewokDemo.TestngGroupDemo1.funD()'><b>funD</b><br>Test class: TestngFramewokDemo.TestngGroupDemo1</td>
<td></td>
<td>0</td>
<td>TestngFramewokDemo.TestngGroupDemo1@2b80d80f</td></tr>
<tr>
<td title='TestngFramewokDemo.TestngDemo4.loginTest()'><b>loginTest</b><br>Test class: TestngFramewokDemo.TestngDemo4</td>
<td></td>
<td>0</td>
<td>TestngFramewokDemo.TestngDemo4@3834d63f</td></tr>
<tr>
<td title='TestngFramewokDemo.TestngDemo4A.loginTest()'><b>loginTest</b><br>Test class: TestngFramewokDemo.TestngDemo4A</td>
<td></td>
<td>0</td>
<td>TestngFramewokDemo.TestngDemo4A@1ae369b7</td></tr>
</table><p>
<table width='100%' border='1' class='invocation-skipped'>
<tr><td colspan='4' align='center'><b>SKIPPED TESTS</b></td></tr>
<tr><td><b>Test method</b></td>
<td width="30%"><b>Exception</b></td>
<td width="10%"><b>Time (seconds)</b></td>
<td><b>Instance</b></td>
</tr>
<tr>
<td title='TestngFramewokDemo.TestngDemo4C.CustomerDetails()'><b>CustomerDetails</b><br>Test class: TestngFramewokDemo.TestngDemo4C</td>
<td><div><pre>java.lang.Throwable: Method TestngDemo4C.CustomerDetails()[pri:0, instance:TestngFramewokDemo.TestngDemo4C@34340fab] depends on not successfully finished methods
... Removed 17 stack frames</pre></div><a href='#' onClick='toggleBox("stack-trace1418370913", this, "Click to show all stack frames", "Click to hide stack frames")'>Click to show all stack frames</a>
<div class='stack-trace' id='stack-trace1418370913'><pre>java.lang.Throwable: Method TestngDemo4C.CustomerDetails()[pri:0, instance:TestngFramewokDemo.TestngDemo4C@34340fab] depends on not successfully finished methods
	at org.testng.internal.Invoker.invokeTestMethods(Invoker.java:1067)
	at org.testng.internal.TestMethodWorker.invokeTestMethods(TestMethodWorker.java:124)
	at org.testng.internal.TestMethodWorker.run(TestMethodWorker.java:108)
	at org.testng.TestRunner.privateRun(TestRunner.java:771)
	at org.testng.TestRunner.run(TestRunner.java:621)
	at org.testng.SuiteRunner.runTest(SuiteRunner.java:357)
	at org.testng.SuiteRunner.runSequentially(SuiteRunner.java:352)
	at org.testng.SuiteRunner.privateRun(SuiteRunner.java:310)
	at org.testng.SuiteRunner.run(SuiteRunner.java:259)
	at org.testng.SuiteRunnerWorker.runSuite(SuiteRunnerWorker.java:52)
	at org.testng.SuiteRunnerWorker.run(SuiteRunnerWorker.java:86)
	at org.testng.TestNG.runSuitesSequentially(TestNG.java:1200)
	at org.testng.TestNG.runSuitesLocally(TestNG.java:1125)
	at org.testng.TestNG.run(TestNG.java:1033)
	at org.testng.remote.RemoteTestNG.run(RemoteTestNG.java:111)
	at org.testng.remote.RemoteTestNG.initAndRun(RemoteTestNG.java:204)
	at org.testng.remote.RemoteTestNG.main(RemoteTestNG.java:175)
</pre></div></td>
<td>0</td>
<td>null</td></tr>
<tr>
<td title='TestngFramewokDemo.TestngDemo5.funC()'><b>funC</b><br>Test class: TestngFramewokDemo.TestngDemo5</td>
<td><div><pre>org.testng.SkipException: FunC skip
	at TestngFramewokDemo.TestngDemo5.funC(TestngDemo5.java:23)
... Removed 24 stack frames</pre></div><a href='#' onClick='toggleBox("stack-trace146611050", this, "Click to show all stack frames", "Click to hide stack frames")'>Click to show all stack frames</a>
<div class='stack-trace' id='stack-trace146611050'><pre>org.testng.SkipException: FunC skip
	at TestngFramewokDemo.TestngDemo5.funC(TestngDemo5.java:23)
	at sun.reflect.NativeMethodAccessorImpl.invoke0(Native Method)
	at sun.reflect.NativeMethodAccessorImpl.invoke(Unknown Source)
	at sun.reflect.DelegatingMethodAccessorImpl.invoke(Unknown Source)
	at java.lang.reflect.Method.invoke(Unknown Source)
	at org.testng.internal.MethodInvocationHelper.invokeMethod(MethodInvocationHelper.java:85)
	at org.testng.internal.Invoker.invokeMethod(Invoker.java:663)
	at org.testng.internal.Invoker.invokeTestMethod(Invoker.java:849)
	at org.testng.internal.Invoker.invokeTestMethods(Invoker.java:1157)
	at org.testng.internal.TestMethodWorker.invokeTestMethods(TestMethodWorker.java:124)
	at org.testng.internal.TestMethodWorker.run(TestMethodWorker.java:108)
	at org.testng.TestRunner.privateRun(TestRunner.java:771)
	at org.testng.TestRunner.run(TestRunner.java:621)
	at org.testng.SuiteRunner.runTest(SuiteRunner.java:357)
	at org.testng.SuiteRunner.runSequentially(SuiteRunner.java:352)
	at org.testng.SuiteRunner.privateRun(SuiteRunner.java:310)
	at org.testng.SuiteRunner.run(SuiteRunner.java:259)
	at org.testng.SuiteRunnerWorker.runSuite(SuiteRunnerWorker.java:52)
	at org.testng.SuiteRunnerWorker.run(SuiteRunnerWorker.java:86)
	at org.testng.TestNG.runSuitesSequentially(TestNG.java:1200)
	at org.testng.TestNG.runSuitesLocally(TestNG.java:1125)
	at org.testng.TestNG.run(TestNG.java:1033)
	at org.testng.remote.RemoteTestNG.run(RemoteTestNG.java:111)
	at org.testng.remote.RemoteTestNG.initAndRun(RemoteTestNG.java:204)
	at org.testng.remote.RemoteTestNG.main(RemoteTestNG.java:175)
</pre></div></td>
<td>0</td>
<td>TestngFramewokDemo.TestngDemo5@2aafb23c</td></tr>
</table><p>
</body>
</html>